
************************************************
PageCall time : [13:17:45]
 P_TID : null
 P_MID : null
 P_AUTH_DT : null
 P_STATUS : null
 P_TYPE : null
 P_OID : null
 P_FN_CD1 : null
 P_FN_CD2 : null
 P_FN_NM : null
 P_AMT : null
 P_UNAME : null
 P_RMESG1 : null
 P_RMESG2 : null
 P_NOTI : null
 P_AUTH_NO : null
************************************************

************************************************
PageCall time : [13:18:17]
 P_TID : null
 P_MID : null
 P_AUTH_DT : null
 P_STATUS : null
 P_TYPE : null
 P_OID : null
 P_FN_CD1 : null
 P_FN_CD2 : null
 P_FN_NM : null
 P_AMT : null
 P_UNAME : null
 P_RMESG1 : null
 P_RMESG2 : null
 P_NOTI : null
 P_AUTH_NO : null
************************************************

************************************************
PageCall time : [13:20:04]
 P_TID : null
 P_MID : null
 P_AUTH_DT : null
 P_STATUS : null
 P_TYPE : null
 P_OID : null
 P_FN_CD1 : null
 P_FN_CD2 : null
 P_FN_NM : null
 P_AMT : null
 P_UNAME : null
 P_RMESG1 : null
 P_RMESG2 : null
 P_NOTI : null
 P_AUTH_NO : null
************************************************

************************************************
PageCall time : [13:31:35]
 P_TID : null
 P_MID : null
 P_AUTH_DT : null
 P_STATUS : null
 P_TYPE : null
 P_OID : null
 P_FN_CD1 : null
 P_FN_CD2 : null
 P_FN_NM : null
 P_AMT : null
 P_UNAME : null
 P_RMESG1 : null
 P_RMESG2 : null
 P_NOTI : null
 P_AUTH_NO : null
************************************************

************************************************
PageCall time : [13:33:08]
 P_TID : null
 P_MID : null
 P_AUTH_DT : null
 P_STATUS : null
 P_TYPE : null
 P_OID : null
 P_FN_CD1 : null
 P_FN_CD2 : null
 P_FN_NM : null
 P_AMT : null
 P_UNAME : null
 P_RMESG1 : null
 P_RMESG2 : null
 P_NOTI : null
 P_AUTH_NO : null
************************************************

************************************************
PageCall time : [13:35:32]
 P_TID : null
 P_MID : null
 P_AUTH_DT : null
 P_STATUS : null
 P_TYPE : null
 P_OID : null
 P_FN_CD1 : null
 P_FN_CD2 : null
 P_FN_NM : null
 P_AMT : null
 P_UNAME : null
 P_RMESG1 : null
 P_RMESG2 : null
 P_NOTI : null
 P_AUTH_NO : null
************************************************
